# JRE version: Java(TM) SE Runtime Environment (8.0_211-b12) (build 1.8.0_211-b12)
# Java VM: Java HotSpot(TM) 64-Bit Server VM (25.211-b12 mixed mode windows-amd64 compressed oops)
Heap:
 PSYoungGen      total 69632K, used 51073K [0x00000000eb200000, 0x00000000efd80000, 0x0000000100000000)
  eden space 64000K, 76% used [0x00000000eb200000,0x00000000ee20dc08,0x00000000ef080000)
  from space 5632K, 33% used [0x00000000ef800000,0x00000000ef9d2800,0x00000000efd80000)
  to   space 6656K, 0% used [0x00000000ef080000,0x00000000ef080000,0x00000000ef700000)
 ParOldGen       total 26112K, used 5902K [0x00000000c1600000, 0x00000000c2f80000, 0x00000000eb200000)
  object space 26112K, 22% used [0x00000000c1600000,0x00000000c1bc3a28,0x00000000c2f80000)
 Metaspace       used 25824K, capacity 26820K, committed 26880K, reserved 1073152K
  class space    used 3347K, capacity 3582K, committed 3584K, reserved 1048576K
GC Heap History (10 events):
Event: 4.336 GC heap before
{Heap before GC invocations=5 (full 0):
 PSYoungGen      total 18944K, used 18864K [0x00000000eb200000, 0x00000000ed700000, 0x0000000100000000)
  eden space 16384K, 99% used [0x00000000eb200000,0x00000000ec1f2bc0,0x00000000ec200000)
  from space 2560K, 98% used [0x00000000ec480000,0x00000000ec6f96f8,0x00000000ec700000)
  to   space 2560K, 0% used [0x00000000ec200000,0x00000000ec200000,0x00000000ec480000)
 ParOldGen       total 44032K, used 5164K [0x00000000c1600000, 0x00000000c4100000, 0x00000000eb200000)
  object space 44032K, 11% used [0x00000000c1600000,0x00000000c1b0b188,0x00000000c4100000)
 Metaspace       used 17730K, capacity 18136K, committed 18432K, reserved 1064960K
  class space    used 2364K, capacity 2506K, committed 2560K, reserved 1048576K
Event: 4.346 GC heap after
Heap after GC invocations=5 (full 0):
 PSYoungGen      total 18944K, used 2533K [0x00000000eb200000, 0x00000000ede00000, 0x0000000100000000)
  eden space 16384K, 0% used [0x00000000eb200000,0x00000000eb200000,0x00000000ec200000)
  from space 2560K, 98% used [0x00000000ec200000,0x00000000ec4796f8,0x00000000ec480000)
  to   space 6144K, 0% used [0x00000000ed800000,0x00000000ed800000,0x00000000ede00000)
 ParOldGen       total 44032K, used 8012K [0x00000000c1600000, 0x00000000c4100000, 0x00000000eb200000)
  object space 44032K, 18% used [0x00000000c1600000,0x00000000c1dd31b8,0x00000000c4100000)
 Metaspace       used 17730K, capacity 18136K, committed 18432K, reserved 1064960K
  class space    used 2364K, capacity 2506K, committed 2560K, reserved 1048576K
}
Event: 6.490 GC heap before
{Heap before GC invocations=6 (full 0):
 PSYoungGen      total 18944K, used 18917K [0x00000000eb200000, 0x00000000ede00000, 0x0000000100000000)
  eden space 16384K, 100% used [0x00000000eb200000,0x00000000ec200000,0x00000000ec200000)
  from space 2560K, 98% used [0x00000000ec200000,0x00000000ec4796f8,0x00000000ec480000)
  to   space 6144K, 0% used [0x00000000ed800000,0x00000000ed800000,0x00000000ede00000)
 ParOldGen       total 44032K, used 8012K [0x00000000c1600000, 0x00000000c4100000, 0x00000000eb200000)
  object space 44032K, 18% used [0x00000000c1600000,0x00000000c1dd31b8,0x00000000c4100000)
 Metaspace       used 20369K, capacity 21150K, committed 21248K, reserved 1067008K
  class space    used 2784K, capacity 2981K, committed 3072K, reserved 1048576K
Event: 6.499 GC heap after
Heap after GC invocations=6 (full 0):
 PSYoungGen      total 38912K, used 4768K [0x00000000eb200000, 0x00000000ede00000, 0x0000000100000000)
  eden space 32768K, 0% used [0x00000000eb200000,0x00000000eb200000,0x00000000ed200000)
  from space 6144K, 77% used [0x00000000ed800000,0x00000000edca8320,0x00000000ede00000)
  to   space 6144K, 0% used [0x00000000ed200000,0x00000000ed200000,0x00000000ed800000)
 ParOldGen       total 44032K, used 8012K [0x00000000c1600000, 0x00000000c4100000, 0x00000000eb200000)
  object space 44032K, 18% used [0x00000000c1600000,0x00000000c1dd31b8,0x00000000c4100000)
 Metaspace       used 20369K, capacity 21150K, committed 21248K, reserved 1067008K
  class space    used 2784K, capacity 2981K, committed 3072K, reserved 1048576K
}
Event: 6.501 GC heap before
{Heap before GC invocations=7 (full 0):
 PSYoungGen      total 38912K, used 5410K [0x00000000eb200000, 0x00000000ede00000, 0x0000000100000000)
  eden space 32768K, 1% used [0x00000000eb200000,0x00000000eb2a0818,0x00000000ed200000)
  from space 6144K, 77% used [0x00000000ed800000,0x00000000edca8320,0x00000000ede00000)
  to   space 6144K, 0% used [0x00000000ed200000,0x00000000ed200000,0x00000000ed800000)
 ParOldGen       total 44032K, used 8012K [0x00000000c1600000, 0x00000000c4100000, 0x00000000eb200000)
  object space 44032K, 18% used [0x00000000c1600000,0x00000000c1dd31b8,0x00000000c4100000)
 Metaspace       used 20378K, capacity 21182K, committed 21248K, reserved 1067008K
  class space    used 2785K, capacity 3013K, committed 3072K, reserved 1048576K
Event: 6.508 GC heap after
Heap after GC invocations=7 (full 0):
 PSYoungGen      total 38912K, used 2208K [0x00000000eb200000, 0x00000000efe00000, 0x0000000100000000)
  eden space 32768K, 0% used [0x00000000eb200000,0x00000000eb200000,0x00000000ed200000)
  from space 6144K, 35% used [0x00000000ed200000,0x00000000ed4283a0,0x00000000ed800000)
  to   space 6144K, 0% used [0x00000000ef800000,0x00000000ef800000,0x00000000efe00000)
 ParOldGen       total 44032K, used 9120K [0x00000000c1600000, 0x00000000c4100000, 0x00000000eb200000)
  object space 44032K, 20% used [0x00000000c1600000,0x00000000c1ee81e8,0x00000000c4100000)
 Metaspace       used 20378K, capacity 21182K, committed 21248K, reserved 1067008K
  class space    used 2785K, capacity 3013K, committed 3072K, reserved 1048576K
}
Event: 6.508 GC heap before
{Heap before GC invocations=8 (full 1):
 PSYoungGen      total 38912K, used 2208K [0x00000000eb200000, 0x00000000efe00000, 0x0000000100000000)
  eden space 32768K, 0% used [0x00000000eb200000,0x00000000eb200000,0x00000000ed200000)
  from space 6144K, 35% used [0x00000000ed200000,0x00000000ed4283a0,0x00000000ed800000)
  to   space 6144K, 0% used [0x00000000ef800000,0x00000000ef800000,0x00000000efe00000)
 ParOldGen       total 44032K, used 9120K [0x00000000c1600000, 0x00000000c4100000, 0x00000000eb200000)
  object space 44032K, 20% used [0x00000000c1600000,0x00000000c1ee81e8,0x00000000c4100000)
 Metaspace       used 20378K, capacity 21182K, committed 21248K, reserved 1067008K
  class space    used 2785K, capacity 3013K, committed 3072K, reserved 1048576K
Event: 6.559 GC heap after
Heap after GC invocations=8 (full 1):
 PSYoungGen      total 38912K, used 0K [0x00000000eb200000, 0x00000000efe00000, 0x0000000100000000)
  eden space 32768K, 0% used [0x00000000eb200000,0x00000000eb200000,0x00000000ed200000)
  from space 6144K, 0% used [0x00000000ed200000,0x00000000ed200000,0x00000000ed800000)
  to   space 6144K, 0% used [0x00000000ef800000,0x00000000ef800000,0x00000000efe00000)
 ParOldGen       total 26112K, used 5894K [0x00000000c1600000, 0x00000000c2f80000, 0x00000000eb200000)
  object space 26112K, 22% used [0x00000000c1600000,0x00000000c1bc1a28,0x00000000c2f80000)
 Metaspace       used 20378K, capacity 21182K, committed 21248K, reserved 1067008K
  class space    used 2785K, capacity 3013K, committed 3072K, reserved 1048576K
}
Event: 207.538 GC heap before
{Heap before GC invocations=9 (full 1):
 PSYoungGen      total 38912K, used 32768K [0x00000000eb200000, 0x00000000efe00000, 0x0000000100000000)
  eden space 32768K, 100% used [0x00000000eb200000,0x00000000ed200000,0x00000000ed200000)
  from space 6144K, 0% used [0x00000000ed200000,0x00000000ed200000,0x00000000ed800000)
  to   space 6144K, 0% used [0x00000000ef800000,0x00000000ef800000,0x00000000efe00000)
 ParOldGen       total 26112K, used 5894K [0x00000000c1600000, 0x00000000c2f80000, 0x00000000eb200000)
  object space 26112K, 22% used [0x00000000c1600000,0x00000000c1bc1a28,0x00000000c2f80000)
 Metaspace       used 22248K, capacity 23218K, committed 23424K, reserved 1069056K
  class space    used 2970K, capacity 3197K, committed 3200K, reserved 1048576K
Event: 207.554 GC heap after
Heap after GC invocations=9 (full 1):
 PSYoungGen      total 69632K, used 1866K [0x00000000eb200000, 0x00000000efd80000, 0x0000000100000000)
  eden space 64000K, 0% used [0x00000000eb200000,0x00000000eb200000,0x00000000ef080000)
  from space 5632K, 33% used [0x00000000ef800000,0x00000000ef9d2800,0x00000000efd80000)
  to   space 6656K, 0% used [0x00000000ef080000,0x00000000ef080000,0x00000000ef700000)
 ParOldGen       total 26112K, used 5902K [0x00000000c1600000, 0x00000000c2f80000, 0x00000000eb200000)
  object space 26112K, 22% used [0x00000000c1600000,0x00000000c1bc3a28,0x00000000c2f80000)
 Metaspace       used 22248K, capacity 23218K, committed 23424K, reserved 1069056K
  class space    used 2970K, capacity 3197K, committed 3200K, reserved 1048576K
}

