<?xml version="1.0" encoding="UTF-8"?>
<!-- Generated by org.testng.reporters.JUnitXMLReporter -->
<testsuite hostname="DESKTOP-FUG8PLT" ignored="0" name="Test" tests="5" failures="1" timestamp="2020-09-10T04:35:27 IST" time="673.095" errors="0">
  <testcase name="feature" time="69.862" classname="cucumber.api.testng.AbstractTestNGCucumberTests"/>
  <testcase name="feature" time="67.365" classname="cucumber.api.testng.AbstractTestNGCucumberTests"/>
  <testcase name="feature" time="353.275" classname="cucumber.api.testng.AbstractTestNGCucumberTests"/>
  <testcase name="feature" time="116.296" classname="cucumber.api.testng.AbstractTestNGCucumberTests">
    <failure type="cucumber.runtime.CucumberException" message="java.lang.NullPointerException">
      <![CDATA[cucumber.runtime.CucumberException: java.lang.NullPointerException
at cucumber.api.testng.TestNGCucumberRunner.runCucumber(TestNGCucumberRunner.java:69)
at cucumber.api.testng.AbstractTestNGCucumberTests.feature(AbstractTestNGCucumberTests.java:21)
at java.util.ArrayList.forEach(Unknown Source)
Caused by: java.lang.NullPointerException
at org.openqa.selenium.support.pagefactory.internal.LocatingElementHandler.invoke(LocatingElementHandler.java:51)
at com.sun.proxy.$Proxy20.getText(Unknown Source)
at com.onlineDashboardApplication.pom.pages.PeopleFocus.MessageDisplay(PeopleFocus.java:83)
at com.onlineDashboardApplication.stepDefination.TestPeopleFocus.user_is_registered_and_confirmation_page_opens_displaying_message(TestPeopleFocus.java:80)
at ✽.Then user is registered and confirmation page opens displaying message "Thank You"(04_PeopleFocus.feature:12)
... Removed 30 stack frames]]>
    </failure>
  </testcase> <!-- feature -->
  <testcase name="feature" time="64.526" classname="cucumber.api.testng.AbstractTestNGCucumberTests"/>
</testsuite> <!-- Test -->
