<?xml version="1.0" encoding="UTF-8"?>
<testng-results skipped="0" failed="0" ignored="0" total="1" passed="1">
  <reporter-output>
  </reporter-output>
  <suite name="Suite" duration-ms="104954" started-at="2020-09-11T16:47:36 IST" finished-at="2020-09-11T16:49:21 IST">
    <groups>
      <group name="cucumber">
        <method signature="AbstractTestNGCucumberTests.feature(cucumber.api.testng.CucumberFeatureWrapper)[pri:0, instance:com.onlineDashboardApplication.testRunner.TestRunner@731a74c]" name="feature" class="cucumber.api.testng.AbstractTestNGCucumberTests"/>
      </group> <!-- cucumber -->
    </groups>
    <test name="Test" duration-ms="104954" started-at="2020-09-11T16:47:36 IST" finished-at="2020-09-11T16:49:21 IST">
      <class name="com.onlineDashboardApplication.testRunner.TestRunner">
        <test-method status="PASS" signature="setUpClass()[pri:0, instance:com.onlineDashboardApplication.testRunner.TestRunner@731a74c]" name="setUpClass" is-config="true" duration-ms="885" started-at="2020-09-11T16:47:36 IST" finished-at="2020-09-11T16:47:36 IST">
          <reporter-output>
          </reporter-output>
        </test-method> <!-- setUpClass -->
        <test-method status="PASS" signature="feature(cucumber.api.testng.CucumberFeatureWrapper)[pri:0, instance:com.onlineDashboardApplication.testRunner.TestRunner@731a74c]" name="feature" duration-ms="102290" started-at="2020-09-11T16:47:37 IST" description="Runs Cucumber Feature" data-provider="features" finished-at="2020-09-11T16:49:19 IST">
          <params>
            <param index="0">
              <value>
                <![CDATA[PeopleFocusDashboard]]>
              </value>
            </param>
          </params>
          <reporter-output>
          </reporter-output>
        </test-method> <!-- feature -->
        <test-method status="PASS" signature="writeExtentReport()[pri:0, instance:com.onlineDashboardApplication.testRunner.TestRunner@731a74c]" name="writeExtentReport" is-config="true" duration-ms="198" started-at="2020-09-11T16:49:19 IST" finished-at="2020-09-11T16:49:19 IST">
          <reporter-output>
          </reporter-output>
        </test-method> <!-- writeExtentReport -->
        <test-method status="PASS" signature="tearDownClass()[pri:0, instance:com.onlineDashboardApplication.testRunner.TestRunner@731a74c]" name="tearDownClass" is-config="true" duration-ms="1197" started-at="2020-09-11T16:49:19 IST" finished-at="2020-09-11T16:49:21 IST">
          <reporter-output>
          </reporter-output>
        </test-method> <!-- tearDownClass -->
      </class> <!-- com.onlineDashboardApplication.testRunner.TestRunner -->
    </test> <!-- Test -->
  </suite> <!-- Suite -->
</testng-results>
