<?xml version="1.0" encoding="UTF-8"?>
<testsuite xmlns:xsi="http://www.w3.org/2001/XMLSchema-instance" xsi:noNamespaceSchemaLocation="https://maven.apache.org/surefire/maven-surefire-plugin/xsd/surefire-test-report-3.0.xsd" version="3.0" name="TestSuite" time="783.079" tests="5" errors="0" skipped="0" failures="1">
  <properties>
[...]
</properties>
  <testcase name="feature[Registration Form Validation](1)" classname="com.onlineDashboardApplication.testRunner.TestRunner" time="100.684">
    <system-out><![CDATA[Thank You
This employee is already registered !
Scenario two is executed successffuly
Please enter valid employee Id !
Please enter valid employee Id !
Please enter valid employee Id !
Please enter valid employee Id !
Please enter valid employee Id !
Scenario two is executed successffuly
]]></system-out>
    <system-err><![CDATA[Starting ChromeDriver 85.0.4183.38 (9047dbc2c693f044042bbec5c91401c708c7c26a-refs/branch-heads/4183@{#779}) on port 46625
Only local connections are allowed.
Please see https://chromedriver.chromium.org/security-considerations for suggestions on keeping ChromeDriver safe.
ChromeDriver was started successfully.
Sep 11, 2020 1:53:36 AM org.openqa.selenium.remote.ProtocolHandshake createSession
INFO: Detected dialect: W3C
Starting ChromeDriver 85.0.4183.38 (9047dbc2c693f044042bbec5c91401c708c7c26a-refs/branch-heads/4183@{#779}) on port 38106
Only local connections are allowed.
Please see https://chromedriver.chromium.org/security-considerations for suggestions on keeping ChromeDriver safe.
ChromeDriver was started successfully.
Sep 11, 2020 1:53:54 AM org.openqa.selenium.remote.ProtocolHandshake createSession
INFO: Detected dialect: W3C
Starting ChromeDriver 85.0.4183.38 (9047dbc2c693f044042bbec5c91401c708c7c26a-refs/branch-heads/4183@{#779}) on port 5076
Only local connections are allowed.
Please see https://chromedriver.chromium.org/security-considerations for suggestions on keeping ChromeDriver safe.
ChromeDriver was started successfully.
Sep 11, 2020 1:54:02 AM org.openqa.selenium.remote.ProtocolHandshake createSession
INFO: Detected dialect: W3C
Starting ChromeDriver 85.0.4183.38 (9047dbc2c693f044042bbec5c91401c708c7c26a-refs/branch-heads/4183@{#779}) on port 6012
Only local connections are allowed.
Please see https://chromedriver.chromium.org/security-considerations for suggestions on keeping ChromeDriver safe.
ChromeDriver was started successfully.
Sep 11, 2020 1:54:08 AM org.openqa.selenium.remote.ProtocolHandshake createSession
INFO: Detected dialect: W3C
Starting ChromeDriver 85.0.4183.38 (9047dbc2c693f044042bbec5c91401c708c7c26a-refs/branch-heads/4183@{#779}) on port 17700
Only local connections are allowed.
Please see https://chromedriver.chromium.org/security-considerations for suggestions on keeping ChromeDriver safe.
ChromeDriver was started successfully.
Sep 11, 2020 1:54:14 AM org.openqa.selenium.remote.ProtocolHandshake createSession
INFO: Detected dialect: W3C
Starting ChromeDriver 85.0.4183.38 (9047dbc2c693f044042bbec5c91401c708c7c26a-refs/branch-heads/4183@{#779}) on port 49003
Only local connections are allowed.
Please see https://chromedriver.chromium.org/security-considerations for suggestions on keeping ChromeDriver safe.
ChromeDriver was started successfully.
Sep 11, 2020 1:54:21 AM org.openqa.selenium.remote.ProtocolHandshake createSession
INFO: Detected dialect: W3C
Starting ChromeDriver 85.0.4183.38 (9047dbc2c693f044042bbec5c91401c708c7c26a-refs/branch-heads/4183@{#779}) on port 26370
Only local connections are allowed.
Please see https://chromedriver.chromium.org/security-considerations for suggestions on keeping ChromeDriver safe.
ChromeDriver was started successfully.
Sep 11, 2020 1:54:29 AM org.openqa.selenium.remote.ProtocolHandshake createSession
INFO: Detected dialect: W3C
Starting ChromeDriver 85.0.4183.38 (9047dbc2c693f044042bbec5c91401c708c7c26a-refs/branch-heads/4183@{#779}) on port 23391
Only local connections are allowed.
Please see https://chromedriver.chromium.org/security-considerations for suggestions on keeping ChromeDriver safe.
ChromeDriver was started successfully.
Sep 11, 2020 1:54:36 AM org.openqa.selenium.remote.ProtocolHandshake createSession
INFO: Detected dialect: W3C
Starting ChromeDriver 85.0.4183.38 (9047dbc2c693f044042bbec5c91401c708c7c26a-refs/branch-heads/4183@{#779}) on port 12022
Only local connections are allowed.
Please see https://chromedriver.chromium.org/security-considerations for suggestions on keeping ChromeDriver safe.
ChromeDriver was started successfully.
Sep 11, 2020 1:54:43 AM org.openqa.selenium.remote.ProtocolHandshake createSession
INFO: Detected dialect: W3C
Starting ChromeDriver 85.0.4183.38 (9047dbc2c693f044042bbec5c91401c708c7c26a-refs/branch-heads/4183@{#779}) on port 19511
Only local connections are allowed.
Please see https://chromedriver.chromium.org/security-considerations for suggestions on keeping ChromeDriver safe.
ChromeDriver was started successfully.
Sep 11, 2020 1:54:51 AM org.openqa.selenium.remote.ProtocolHandshake createSession
INFO: Detected dialect: W3C
Starting ChromeDriver 85.0.4183.38 (9047dbc2c693f044042bbec5c91401c708c7c26a-refs/branch-heads/4183@{#779}) on port 43222
Only local connections are allowed.
Please see https://chromedriver.chromium.org/security-considerations for suggestions on keeping ChromeDriver safe.
ChromeDriver was started successfully.
Sep 11, 2020 1:54:57 AM org.openqa.selenium.remote.ProtocolHandshake createSession
INFO: Detected dialect: W3C
]]></system-err>
  </testcase>
  <testcase name="feature[SLP Status](2)" classname="com.onlineDashboardApplication.testRunner.TestRunner" time="80.34">
    <system-out><![CDATA[false
]]></system-out>
    <system-err><![CDATA[Starting ChromeDriver 85.0.4183.38 (9047dbc2c693f044042bbec5c91401c708c7c26a-refs/branch-heads/4183@{#779}) on port 41794
Only local connections are allowed.
Please see https://chromedriver.chromium.org/security-considerations for suggestions on keeping ChromeDriver safe.
ChromeDriver was started successfully.
Sep 11, 2020 1:55:03 AM org.openqa.selenium.remote.ProtocolHandshake createSession
INFO: Detected dialect: W3C
Starting ChromeDriver 85.0.4183.38 (9047dbc2c693f044042bbec5c91401c708c7c26a-refs/branch-heads/4183@{#779}) on port 46983
Only local connections are allowed.
Please see https://chromedriver.chromium.org/security-considerations for suggestions on keeping ChromeDriver safe.
ChromeDriver was started successfully.
Sep 11, 2020 1:55:16 AM org.openqa.selenium.remote.ProtocolHandshake createSession
INFO: Detected dialect: W3C
Starting ChromeDriver 85.0.4183.38 (9047dbc2c693f044042bbec5c91401c708c7c26a-refs/branch-heads/4183@{#779}) on port 7299
Only local connections are allowed.
Please see https://chromedriver.chromium.org/security-considerations for suggestions on keeping ChromeDriver safe.
ChromeDriver was started successfully.
Sep 11, 2020 1:55:23 AM org.openqa.selenium.remote.ProtocolHandshake createSession
INFO: Detected dialect: W3C
Starting ChromeDriver 85.0.4183.38 (9047dbc2c693f044042bbec5c91401c708c7c26a-refs/branch-heads/4183@{#779}) on port 34233
Only local connections are allowed.
Please see https://chromedriver.chromium.org/security-considerations for suggestions on keeping ChromeDriver safe.
ChromeDriver was started successfully.
Sep 11, 2020 1:55:31 AM org.openqa.selenium.remote.ProtocolHandshake createSession
INFO: Detected dialect: W3C
Starting ChromeDriver 85.0.4183.38 (9047dbc2c693f044042bbec5c91401c708c7c26a-refs/branch-heads/4183@{#779}) on port 23029
Only local connections are allowed.
Please see https://chromedriver.chromium.org/security-considerations for suggestions on keeping ChromeDriver safe.
ChromeDriver was started successfully.
Sep 11, 2020 1:55:38 AM org.openqa.selenium.remote.ProtocolHandshake createSession
INFO: Detected dialect: W3C
Starting ChromeDriver 85.0.4183.38 (9047dbc2c693f044042bbec5c91401c708c7c26a-refs/branch-heads/4183@{#779}) on port 47525
Only local connections are allowed.
Please see https://chromedriver.chromium.org/security-considerations for suggestions on keeping ChromeDriver safe.
ChromeDriver was started successfully.
Sep 11, 2020 1:55:47 AM org.openqa.selenium.remote.ProtocolHandshake createSession
INFO: Detected dialect: W3C
Starting ChromeDriver 85.0.4183.38 (9047dbc2c693f044042bbec5c91401c708c7c26a-refs/branch-heads/4183@{#779}) on port 29541
Only local connections are allowed.
Please see https://chromedriver.chromium.org/security-considerations for suggestions on keeping ChromeDriver safe.
ChromeDriver was started successfully.
Sep 11, 2020 1:55:59 AM org.openqa.selenium.remote.ProtocolHandshake createSession
INFO: Detected dialect: W3C
Starting ChromeDriver 85.0.4183.38 (9047dbc2c693f044042bbec5c91401c708c7c26a-refs/branch-heads/4183@{#779}) on port 14106
Only local connections are allowed.
Please see https://chromedriver.chromium.org/security-considerations for suggestions on keeping ChromeDriver safe.
ChromeDriver was started successfully.
Sep 11, 2020 1:56:11 AM org.openqa.selenium.remote.ProtocolHandshake createSession
INFO: Detected dialect: W3C
]]></system-err>
  </testcase>
  <testcase name="feature[Dashboard](3)" classname="com.onlineDashboardApplication.testRunner.TestRunner" time="401.713">
    <system-out><![CDATA[No of rows6
No of rows1
No of rows2
No of rows2
No of rows4
No of rows3
No of rows2
No of rows found2
No of rows found2
1 Nikhil Pawar 25-08-2020 Nilesh Y UI automation - Selenium Selenium,Java,Cucumber Selenium Grid,Selenium Instruction,Locating Elements By Id,Locating Elements ClassName,Locating Elements By Tag Name,Locating Elements By Name,Locating Elements By Link Text Or Partial Link Text,Locating Elements By cssSelector,Locating Elements By Xpath,Working on different types of controls like Checkboxes; Radio Buttons; Dropdowns; Tables; Calendars.,Handling Drop-downs,Handling Alerts/popups,Commonly used commands,Handling Web; Frames; Dynamic Elements,Explicit and Implicit Waits,Exception Handling,Accessing Test Data from Excel,Java script execution,Mouse Hover Action,Drag and Drop Action,Invoking different browsers,Object and Class,Constructor,Inheritance,Ploymorphism,Abstraction,Encapsulation,Static Keyword,This Keyword,If Else,Switch,For Loop,While Loop,Do While,String,Collections,Access Modifier,Exception Handling,Feature File,Junit Test Runner Class,Gherkin Keywords - Given When Then Background etc.,Step Definition,Cucumber Options,With example keyword,Without example keyword,Data Table,Maps,Hooks,Tags,Tagged hooks
2 Rohit Ware 25-08-2020 Nilesh Y UI automation - Selenium Selenium,Java,Cucumber Feature File,Junit Test Runner Class,Gherkin Keywords - Given When Then Background etc.,Step Definition,Cucumber Options,With example keyword,Without example keyword,Data Table,Maps,Hooks,Tags,Tagged hooks,Constructor
5 Vikas G 26-08-2020 Nilesh Y UI automation - Tosca Tosca tosca_subCourse1
7 Emp7 26-08-2020 Nilesh Y UI automation - Selenium Selenium,Java,Cucumber selenium_subCourse1,selenium_subCourse2,java_subCource2,cucumber_subCource2
8 Emp8 27-08-2020 Nilesh Y UI automation - Selenium Selenium,Java,Cucumber selenium_subCourse2,cucumber_subCource1,selenium_subCourse1
10 Emp10 28-08-2020 Nilesh Y UI automation - Selenium Selenium,Java,Cucumber selenium_subCourse1,selenium_subCourse2,Object and Class,Constructor,cucumber_subCource1,cucumber_subCource2
11 Emp11 28-08-2020 Nilesh Y UI automation - Selenium Selenium,Java,Cucumber selenium_subCourse1
13 Emp13 11-09-2020 Sujay Rahane UI automation - Tosca Tosca Parent Control; Dynamic ID and Dynamic Comparison
16 Nilesh Y 04-09-2020 Nilesh Y UI automation - Selenium Selenium,Java,Cucumber selenium_subCourse1,selenium_subCourse2,selenium_subCourse3

1
Nilesh Y
1
Nilesh Y


1
Nikhil Pawar
1
Nikhil Pawar

]]></system-out>
    <system-err><![CDATA[Starting ChromeDriver 85.0.4183.38 (9047dbc2c693f044042bbec5c91401c708c7c26a-refs/branch-heads/4183@{#779}) on port 27058
Only local connections are allowed.
Please see https://chromedriver.chromium.org/security-considerations for suggestions on keeping ChromeDriver safe.
ChromeDriver was started successfully.
Sep 11, 2020 1:56:24 AM org.openqa.selenium.remote.ProtocolHandshake createSession
INFO: Detected dialect: W3C
Starting ChromeDriver 85.0.4183.38 (9047dbc2c693f044042bbec5c91401c708c7c26a-refs/branch-heads/4183@{#779}) on port 19220
Only local connections are allowed.
Please see https://chromedriver.chromium.org/security-considerations for suggestions on keeping ChromeDriver safe.
ChromeDriver was started successfully.
Sep 11, 2020 1:56:37 AM org.openqa.selenium.remote.ProtocolHandshake createSession
INFO: Detected dialect: W3C
Starting ChromeDriver 85.0.4183.38 (9047dbc2c693f044042bbec5c91401c708c7c26a-refs/branch-heads/4183@{#779}) on port 27033
Only local connections are allowed.
Please see https://chromedriver.chromium.org/security-considerations for suggestions on keeping ChromeDriver safe.
ChromeDriver was started successfully.
Sep 11, 2020 1:56:46 AM org.openqa.selenium.remote.ProtocolHandshake createSession
INFO: Detected dialect: W3C
Starting ChromeDriver 85.0.4183.38 (9047dbc2c693f044042bbec5c91401c708c7c26a-refs/branch-heads/4183@{#779}) on port 47912
Only local connections are allowed.
Please see https://chromedriver.chromium.org/security-considerations for suggestions on keeping ChromeDriver safe.
ChromeDriver was started successfully.
Sep 11, 2020 1:57:00 AM org.openqa.selenium.remote.ProtocolHandshake createSession
INFO: Detected dialect: W3C
Starting ChromeDriver 85.0.4183.38 (9047dbc2c693f044042bbec5c91401c708c7c26a-refs/branch-heads/4183@{#779}) on port 15560
Only local connections are allowed.
Please see https://chromedriver.chromium.org/security-considerations for suggestions on keeping ChromeDriver safe.
ChromeDriver was started successfully.
Sep 11, 2020 1:57:20 AM org.openqa.selenium.remote.ProtocolHandshake createSession
INFO: Detected dialect: W3C
Starting ChromeDriver 85.0.4183.38 (9047dbc2c693f044042bbec5c91401c708c7c26a-refs/branch-heads/4183@{#779}) on port 25009
Only local connections are allowed.
Please see https://chromedriver.chromium.org/security-considerations for suggestions on keeping ChromeDriver safe.
ChromeDriver was started successfully.
Sep 11, 2020 1:57:43 AM org.openqa.selenium.remote.ProtocolHandshake createSession
INFO: Detected dialect: W3C
Starting ChromeDriver 85.0.4183.38 (9047dbc2c693f044042bbec5c91401c708c7c26a-refs/branch-heads/4183@{#779}) on port 13077
Only local connections are allowed.
Please see https://chromedriver.chromium.org/security-considerations for suggestions on keeping ChromeDriver safe.
ChromeDriver was started successfully.
Sep 11, 2020 1:58:02 AM org.openqa.selenium.remote.ProtocolHandshake createSession
INFO: Detected dialect: W3C
Starting ChromeDriver 85.0.4183.38 (9047dbc2c693f044042bbec5c91401c708c7c26a-refs/branch-heads/4183@{#779}) on port 26901
Only local connections are allowed.
Please see https://chromedriver.chromium.org/security-considerations for suggestions on keeping ChromeDriver safe.
ChromeDriver was started successfully.
Sep 11, 2020 1:58:17 AM org.openqa.selenium.remote.ProtocolHandshake createSession
INFO: Detected dialect: W3C
Starting ChromeDriver 85.0.4183.38 (9047dbc2c693f044042bbec5c91401c708c7c26a-refs/branch-heads/4183@{#779}) on port 41563
Only local connections are allowed.
Please see https://chromedriver.chromium.org/security-considerations for suggestions on keeping ChromeDriver safe.
ChromeDriver was started successfully.
Sep 11, 2020 1:58:29 AM org.openqa.selenium.remote.ProtocolHandshake createSession
INFO: Detected dialect: W3C
Starting ChromeDriver 85.0.4183.38 (9047dbc2c693f044042bbec5c91401c708c7c26a-refs/branch-heads/4183@{#779}) on port 22281
Only local connections are allowed.
Please see https://chromedriver.chromium.org/security-considerations for suggestions on keeping ChromeDriver safe.
ChromeDriver was started successfully.
Sep 11, 2020 1:58:44 AM org.openqa.selenium.remote.ProtocolHandshake createSession
INFO: Detected dialect: W3C
Starting ChromeDriver 85.0.4183.38 (9047dbc2c693f044042bbec5c91401c708c7c26a-refs/branch-heads/4183@{#779}) on port 36974
Only local connections are allowed.
Please see https://chromedriver.chromium.org/security-considerations for suggestions on keeping ChromeDriver safe.
ChromeDriver was started successfully.
Sep 11, 2020 1:58:58 AM org.openqa.selenium.remote.ProtocolHandshake createSession
INFO: Detected dialect: W3C
Starting ChromeDriver 85.0.4183.38 (9047dbc2c693f044042bbec5c91401c708c7c26a-refs/branch-heads/4183@{#779}) on port 4095
Only local connections are allowed.
Please see https://chromedriver.chromium.org/security-considerations for suggestions on keeping ChromeDriver safe.
ChromeDriver was started successfully.
Sep 11, 2020 1:59:23 AM org.openqa.selenium.remote.ProtocolHandshake createSession
INFO: Detected dialect: W3C
Starting ChromeDriver 85.0.4183.38 (9047dbc2c693f044042bbec5c91401c708c7c26a-refs/branch-heads/4183@{#779}) on port 8524
Only local connections are allowed.
Please see https://chromedriver.chromium.org/security-considerations for suggestions on keeping ChromeDriver safe.
ChromeDriver was started successfully.
Sep 11, 2020 1:59:53 AM org.openqa.selenium.remote.ProtocolHandshake createSession
INFO: Detected dialect: W3C
Starting ChromeDriver 85.0.4183.38 (9047dbc2c693f044042bbec5c91401c708c7c26a-refs/branch-heads/4183@{#779}) on port 48996
Only local connections are allowed.
Please see https://chromedriver.chromium.org/security-considerations for suggestions on keeping ChromeDriver safe.
ChromeDriver was started successfully.
Sep 11, 2020 2:00:22 AM org.openqa.selenium.remote.ProtocolHandshake createSession
INFO: Detected dialect: W3C
Starting ChromeDriver 85.0.4183.38 (9047dbc2c693f044042bbec5c91401c708c7c26a-refs/branch-heads/4183@{#779}) on port 37347
Only local connections are allowed.
Please see https://chromedriver.chromium.org/security-considerations for suggestions on keeping ChromeDriver safe.
ChromeDriver was started successfully.
Sep 11, 2020 2:00:39 AM org.openqa.selenium.remote.ProtocolHandshake createSession
INFO: Detected dialect: W3C
Starting ChromeDriver 85.0.4183.38 (9047dbc2c693f044042bbec5c91401c708c7c26a-refs/branch-heads/4183@{#779}) on port 37776
Only local connections are allowed.
Please see https://chromedriver.chromium.org/security-considerations for suggestions on keeping ChromeDriver safe.
ChromeDriver was started successfully.
Sep 11, 2020 2:00:54 AM org.openqa.selenium.remote.ProtocolHandshake createSession
INFO: Detected dialect: W3C
Starting ChromeDriver 85.0.4183.38 (9047dbc2c693f044042bbec5c91401c708c7c26a-refs/branch-heads/4183@{#779}) on port 17949
Only local connections are allowed.
Please see https://chromedriver.chromium.org/security-considerations for suggestions on keeping ChromeDriver safe.
ChromeDriver was started successfully.
Sep 11, 2020 2:01:17 AM org.openqa.selenium.remote.ProtocolHandshake createSession
INFO: Detected dialect: W3C
Starting ChromeDriver 85.0.4183.38 (9047dbc2c693f044042bbec5c91401c708c7c26a-refs/branch-heads/4183@{#779}) on port 27298
Only local connections are allowed.
Please see https://chromedriver.chromium.org/security-considerations for suggestions on keeping ChromeDriver safe.
ChromeDriver was started successfully.
Sep 11, 2020 2:01:41 AM org.openqa.selenium.remote.ProtocolHandshake createSession
INFO: Detected dialect: W3C
Starting ChromeDriver 85.0.4183.38 (9047dbc2c693f044042bbec5c91401c708c7c26a-refs/branch-heads/4183@{#779}) on port 43453
Only local connections are allowed.
Please see https://chromedriver.chromium.org/security-considerations for suggestions on keeping ChromeDriver safe.
ChromeDriver was started successfully.
Sep 11, 2020 2:01:58 AM org.openqa.selenium.remote.ProtocolHandshake createSession
INFO: Detected dialect: W3C
Starting ChromeDriver 85.0.4183.38 (9047dbc2c693f044042bbec5c91401c708c7c26a-refs/branch-heads/4183@{#779}) on port 41007
Only local connections are allowed.
Please see https://chromedriver.chromium.org/security-considerations for suggestions on keeping ChromeDriver safe.
ChromeDriver was started successfully.
Sep 11, 2020 2:02:14 AM org.openqa.selenium.remote.ProtocolHandshake createSession
INFO: Detected dialect: W3C
Starting ChromeDriver 85.0.4183.38 (9047dbc2c693f044042bbec5c91401c708c7c26a-refs/branch-heads/4183@{#779}) on port 46152
Only local connections are allowed.
Please see https://chromedriver.chromium.org/security-considerations for suggestions on keeping ChromeDriver safe.
ChromeDriver was started successfully.
Sep 11, 2020 2:02:37 AM org.openqa.selenium.remote.ProtocolHandshake createSession
INFO: Detected dialect: W3C
]]></system-err>
  </testcase>
  <testcase name="feature[People Focus Week Form Validation](4)" classname="com.onlineDashboardApplication.testRunner.TestRunner" time="140.121">
    <system-out><![CDATA[Thank You
Thank You
Please try to create your profile after 6 months from your registration date as this employee Id is already registered !
Please select designation !
Invalid employee Id !
Please select designation !
]]></system-out>
    <system-err><![CDATA[Starting ChromeDriver 85.0.4183.38 (9047dbc2c693f044042bbec5c91401c708c7c26a-refs/branch-heads/4183@{#779}) on port 9193
Only local connections are allowed.
Please see https://chromedriver.chromium.org/security-considerations for suggestions on keeping ChromeDriver safe.
ChromeDriver was started successfully.
Sep 11, 2020 2:03:06 AM org.openqa.selenium.remote.ProtocolHandshake createSession
INFO: Detected dialect: W3C
Starting ChromeDriver 85.0.4183.38 (9047dbc2c693f044042bbec5c91401c708c7c26a-refs/branch-heads/4183@{#779}) on port 15749
Only local connections are allowed.
Please see https://chromedriver.chromium.org/security-considerations for suggestions on keeping ChromeDriver safe.
ChromeDriver was started successfully.
Sep 11, 2020 2:03:20 AM org.openqa.selenium.remote.ProtocolHandshake createSession
INFO: Detected dialect: W3C
Starting ChromeDriver 85.0.4183.38 (9047dbc2c693f044042bbec5c91401c708c7c26a-refs/branch-heads/4183@{#779}) on port 31557
Only local connections are allowed.
Please see https://chromedriver.chromium.org/security-considerations for suggestions on keeping ChromeDriver safe.
ChromeDriver was started successfully.
Sep 11, 2020 2:03:30 AM org.openqa.selenium.remote.ProtocolHandshake createSession
INFO: Detected dialect: W3C
Starting ChromeDriver 85.0.4183.38 (9047dbc2c693f044042bbec5c91401c708c7c26a-refs/branch-heads/4183@{#779}) on port 27933
Only local connections are allowed.
Please see https://chromedriver.chromium.org/security-considerations for suggestions on keeping ChromeDriver safe.
ChromeDriver was started successfully.
Sep 11, 2020 2:03:41 AM org.openqa.selenium.remote.ProtocolHandshake createSession
INFO: Detected dialect: W3C
Starting ChromeDriver 85.0.4183.38 (9047dbc2c693f044042bbec5c91401c708c7c26a-refs/branch-heads/4183@{#779}) on port 22897
Only local connections are allowed.
Please see https://chromedriver.chromium.org/security-considerations for suggestions on keeping ChromeDriver safe.
ChromeDriver was started successfully.
Sep 11, 2020 2:03:49 AM org.openqa.selenium.remote.ProtocolHandshake createSession
INFO: Detected dialect: W3C
Starting ChromeDriver 85.0.4183.38 (9047dbc2c693f044042bbec5c91401c708c7c26a-refs/branch-heads/4183@{#779}) on port 8349
Only local connections are allowed.
Please see https://chromedriver.chromium.org/security-considerations for suggestions on keeping ChromeDriver safe.
ChromeDriver was started successfully.
Sep 11, 2020 2:03:57 AM org.openqa.selenium.remote.ProtocolHandshake createSession
INFO: Detected dialect: W3C
Starting ChromeDriver 85.0.4183.38 (9047dbc2c693f044042bbec5c91401c708c7c26a-refs/branch-heads/4183@{#779}) on port 5885
Only local connections are allowed.
Please see https://chromedriver.chromium.org/security-considerations for suggestions on keeping ChromeDriver safe.
ChromeDriver was started successfully.
Sep 11, 2020 2:04:05 AM org.openqa.selenium.remote.ProtocolHandshake createSession
INFO: Detected dialect: W3C
Starting ChromeDriver 85.0.4183.38 (9047dbc2c693f044042bbec5c91401c708c7c26a-refs/branch-heads/4183@{#779}) on port 39644
Only local connections are allowed.
Please see https://chromedriver.chromium.org/security-considerations for suggestions on keeping ChromeDriver safe.
ChromeDriver was started successfully.
Sep 11, 2020 2:04:14 AM org.openqa.selenium.remote.ProtocolHandshake createSession
INFO: Detected dialect: W3C
Starting ChromeDriver 85.0.4183.38 (9047dbc2c693f044042bbec5c91401c708c7c26a-refs/branch-heads/4183@{#779}) on port 28098
Only local connections are allowed.
Please see https://chromedriver.chromium.org/security-considerations for suggestions on keeping ChromeDriver safe.
ChromeDriver was started successfully.
Sep 11, 2020 2:04:24 AM org.openqa.selenium.remote.ProtocolHandshake createSession
INFO: Detected dialect: W3C
Starting ChromeDriver 85.0.4183.38 (9047dbc2c693f044042bbec5c91401c708c7c26a-refs/branch-heads/4183@{#779}) on port 38848
Only local connections are allowed.
Please see https://chromedriver.chromium.org/security-considerations for suggestions on keeping ChromeDriver safe.
ChromeDriver was started successfully.
Sep 11, 2020 2:04:32 AM org.openqa.selenium.remote.ProtocolHandshake createSession
INFO: Detected dialect: W3C
Starting ChromeDriver 85.0.4183.38 (9047dbc2c693f044042bbec5c91401c708c7c26a-refs/branch-heads/4183@{#779}) on port 31141
Only local connections are allowed.
Please see https://chromedriver.chromium.org/security-considerations for suggestions on keeping ChromeDriver safe.
ChromeDriver was started successfully.
Sep 11, 2020 2:04:41 AM org.openqa.selenium.remote.ProtocolHandshake createSession
INFO: Detected dialect: W3C
Starting ChromeDriver 85.0.4183.38 (9047dbc2c693f044042bbec5c91401c708c7c26a-refs/branch-heads/4183@{#779}) on port 23916
Only local connections are allowed.
Please see https://chromedriver.chromium.org/security-considerations for suggestions on keeping ChromeDriver safe.
ChromeDriver was started successfully.
Sep 11, 2020 2:04:51 AM org.openqa.selenium.remote.ProtocolHandshake createSession
INFO: Detected dialect: W3C
Starting ChromeDriver 85.0.4183.38 (9047dbc2c693f044042bbec5c91401c708c7c26a-refs/branch-heads/4183@{#779}) on port 18806
Only local connections are allowed.
Please see https://chromedriver.chromium.org/security-considerations for suggestions on keeping ChromeDriver safe.
ChromeDriver was started successfully.
Sep 11, 2020 2:05:00 AM org.openqa.selenium.remote.ProtocolHandshake createSession
INFO: Detected dialect: W3C
Starting ChromeDriver 85.0.4183.38 (9047dbc2c693f044042bbec5c91401c708c7c26a-refs/branch-heads/4183@{#779}) on port 18461
Only local connections are allowed.
Please see https://chromedriver.chromium.org/security-considerations for suggestions on keeping ChromeDriver safe.
ChromeDriver was started successfully.
Sep 11, 2020 2:05:08 AM org.openqa.selenium.remote.ProtocolHandshake createSession
INFO: Detected dialect: W3C
Starting ChromeDriver 85.0.4183.38 (9047dbc2c693f044042bbec5c91401c708c7c26a-refs/branch-heads/4183@{#779}) on port 15590
Only local connections are allowed.
Please see https://chromedriver.chromium.org/security-considerations for suggestions on keeping ChromeDriver safe.
ChromeDriver was started successfully.
Sep 11, 2020 2:05:17 AM org.openqa.selenium.remote.ProtocolHandshake createSession
INFO: Detected dialect: W3C
]]></system-err>
  </testcase>
  <testcase name="feature[PeopleFocusDashboard](5)" classname="com.onlineDashboardApplication.testRunner.TestRunner" time="57.732">
    <failure message="java.lang.AssertionError: expected [08/09/2020] but found [09-08-2020]" type="cucumber.runtime.CucumberException"><![CDATA[cucumber.runtime.CucumberException: java.lang.AssertionError: expected [08/09/2020] but found [09-08-2020]
Caused by: java.lang.AssertionError: expected [08/09/2020] but found [09-08-2020]
]]></failure>
    <system-err><![CDATA[Starting ChromeDriver 85.0.4183.38 (9047dbc2c693f044042bbec5c91401c708c7c26a-refs/branch-heads/4183@{#779}) on port 24659
Only local connections are allowed.
Please see https://chromedriver.chromium.org/security-considerations for suggestions on keeping ChromeDriver safe.
ChromeDriver was started successfully.
Sep 11, 2020 2:05:26 AM org.openqa.selenium.remote.ProtocolHandshake createSession
INFO: Detected dialect: W3C
Starting ChromeDriver 85.0.4183.38 (9047dbc2c693f044042bbec5c91401c708c7c26a-refs/branch-heads/4183@{#779}) on port 22028
Only local connections are allowed.
Please see https://chromedriver.chromium.org/security-considerations for suggestions on keeping ChromeDriver safe.
ChromeDriver was started successfully.
Sep 11, 2020 2:05:54 AM org.openqa.selenium.remote.ProtocolHandshake createSession
INFO: Detected dialect: W3C
]]></system-err>
  </testcase>
</testsuite>